2019-04-15 09:11:59 - INFO - ----------------------------------------------------------------------------------------------------
2019-04-15 09:11:59 - INFO - Loading data
2019-04-15 09:12:27 - INFO - ----------------------------------------------------------------------------------------------------
2019-04-15 09:12:27 - INFO - Loading data
2019-04-15 09:12:44 - INFO - ----------------------------------------------------------------------------------------------------
2019-04-15 09:12:44 - INFO - Loading data
2019-04-15 09:12:59 - INFO - ----------------------------------------------------------------------------------------------------
2019-04-15 09:12:59 - INFO - Loading data
2019-04-15 09:14:56 - INFO - ----------------------------------------------------------------------------------------------------
2019-04-15 09:14:56 - INFO - Loading data
2019-04-15 09:15:24 - INFO - ----------------------------------------------------------------------------------------------------
2019-04-15 09:15:24 - INFO - Loading data
2019-04-15 09:15:50 - INFO - ----------------------------------------------------------------------------------------------------
2019-04-15 09:15:50 - INFO - Loading data
2019-04-15 09:16:07 - INFO - ----------------------------------------------------------------------------------------------------
2019-04-15 09:16:07 - INFO - Loading data
2019-04-15 09:18:13 - INFO - ----------------------------------------------------------------------------------------------------
2019-04-15 09:18:13 - INFO - Loading data
2019-04-15 09:18:39 - INFO - ----------------------------------------------------------------------------------------------------
2019-04-15 09:18:39 - INFO - Loading data
2019-04-15 09:18:50 - INFO - ----------------------------------------------------------------------------------------------------
2019-04-15 09:18:50 - INFO - Loading data
2019-04-15 09:19:23 - INFO - ----------------------------------------------------------------------------------------------------
2019-04-15 09:19:23 - INFO - Loading data
2019-04-15 09:19:56 - INFO - ----------------------------------------------------------------------------------------------------
2019-04-15 09:19:56 - INFO - Loading data
2019-04-15 09:21:02 - INFO - ----------------------------------------------------------------------------------------------------
2019-04-15 09:21:02 - INFO - Loading data
2019-04-15 09:21:24 - INFO - ----------------------------------------------------------------------------------------------------
2019-04-15 09:21:24 - INFO - Loading data
2019-04-15 09:22:07 - INFO - ----------------------------------------------------------------------------------------------------
2019-04-15 09:22:07 - INFO - Loading data
2019-04-15 09:22:40 - INFO - ----------------------------------------------------------------------------------------------------
2019-04-15 09:22:40 - INFO - Loading data
2019-04-15 09:29:26 - INFO - ----------------------------------------------------------------------------------------------------
2019-04-15 09:29:26 - INFO - Loading data
2019-04-15 09:29:36 - INFO - ----------------------------------------------------------------------------------------------------
2019-04-15 09:29:36 - INFO - Loading data
2019-04-15 09:30:37 - INFO - ----------------------------------------------------------------------------------------------------
2019-04-15 09:30:37 - INFO - Loading data
2019-04-15 09:30:48 - INFO - ----------------------------------------------------------------------------------------------------
2019-04-15 09:30:48 - INFO - Loading data
2019-04-15 09:31:10 - INFO - ----------------------------------------------------------------------------------------------------
2019-04-15 09:31:10 - INFO - Loading data
2019-04-15 10:46:45 - INFO - ----------------------------------------------------------------------------------------------------
2019-04-15 10:46:45 - INFO - Loading data
2019-04-15 10:48:13 - INFO - ----------------------------------------------------------------------------------------------------
2019-04-15 10:48:13 - INFO - Loading data
2019-04-15 10:48:15 - INFO - Generating embeddings
2019-04-15 10:49:00 - INFO - ----------------------------------------------------------------------------------------------------
2019-04-15 10:49:00 - INFO - Loading data
2019-04-15 10:49:02 - INFO - Generating embeddings
2019-04-15 10:49:31 - INFO - ----------------------------------------------------------------------------------------------------
2019-04-15 10:49:31 - INFO - Loading data
2019-04-15 10:49:34 - INFO - Generating embeddings
2019-04-15 10:50:08 - INFO - ----------------------------------------------------------------------------------------------------
2019-04-15 10:50:08 - INFO - Loading data
2019-04-15 10:50:10 - INFO - Generating embeddings
2019-04-15 10:50:57 - INFO - ----------------------------------------------------------------------------------------------------
2019-04-15 10:50:57 - INFO - Loading data
2019-04-15 10:50:59 - INFO - Generating embeddings
2019-04-15 10:51:32 - INFO - Start training
2019-04-15 10:51:32 - INFO - ----------------------------------------------------------------------------------------------------
2019-04-15 10:58:52 - INFO - ----------------------------------------------------------------------------------------------------
2019-04-15 10:58:52 - INFO - Loading data
2019-04-15 10:58:54 - INFO - Generating embeddings
2019-04-15 10:59:32 - INFO - Start training
2019-04-15 10:59:32 - INFO - ----------------------------------------------------------------------------------------------------
2019-04-15 11:00:54 - INFO - ----------------------------------------------------------------------------------------------------
2019-04-15 11:00:54 - INFO - Loading data
2019-04-15 11:00:57 - INFO - Generating embeddings
2019-04-15 11:01:12 - INFO - Start training
2019-04-15 11:01:12 - INFO - ----------------------------------------------------------------------------------------------------
2019-04-15 11:01:57 - INFO - ----------------------------------------------------------------------------------------------------
2019-04-15 11:01:57 - INFO - Loading data
2019-04-15 11:01:59 - INFO - Generating embeddings
2019-04-15 11:02:11 - INFO - Start training
2019-04-15 11:02:11 - INFO - ----------------------------------------------------------------------------------------------------
2019-04-15 11:02:40 - INFO - ----------------------------------------------------------------------------------------------------
2019-04-15 11:02:40 - INFO - Loading data
2019-04-15 11:02:42 - INFO - Generating embeddings
2019-04-15 11:02:59 - INFO - Start training
2019-04-15 11:02:59 - INFO - ----------------------------------------------------------------------------------------------------
2019-04-15 11:03:49 - INFO - ----------------------------------------------------------------------------------------------------
2019-04-15 11:03:49 - INFO - Loading data
2019-04-15 11:03:51 - INFO - Generating embeddings
2019-04-15 11:04:08 - INFO - Start training
2019-04-15 11:04:08 - INFO - ----------------------------------------------------------------------------------------------------
2019-04-15 11:10:08 - INFO - ----------------------------------------------------------------------------------------------------
2019-04-15 11:10:08 - INFO - Loading data
2019-04-15 11:11:17 - INFO - ----------------------------------------------------------------------------------------------------
2019-04-15 11:11:17 - INFO - Loading data
2019-04-15 11:11:33 - INFO - ----------------------------------------------------------------------------------------------------
2019-04-15 11:11:33 - INFO - Loading data
2019-04-15 11:12:16 - INFO - ----------------------------------------------------------------------------------------------------
2019-04-15 11:12:16 - INFO - Loading data
2019-04-15 11:12:18 - INFO - Generating embeddings
2019-04-15 11:20:50 - INFO - ----------------------------------------------------------------------------------------------------
2019-04-15 11:20:50 - INFO - Loading data
2019-04-15 11:20:52 - INFO - Generating embeddings
2019-04-15 11:21:03 - INFO - Start training
2019-04-15 11:21:03 - INFO - ----------------------------------------------------------------------------------------------------
2019-04-15 11:21:54 - INFO - ----------------------------------------------------------------------------------------------------
2019-04-15 11:21:54 - INFO - Loading data
2019-04-15 11:21:56 - INFO - Generating embeddings
2019-04-15 11:22:13 - INFO - Start training
2019-04-15 11:22:13 - INFO - ----------------------------------------------------------------------------------------------------
2019-04-15 11:36:46 - INFO - ----------------------------------------------------------------------------------------------------
2019-04-15 11:36:46 - INFO - Loading data
2019-04-15 11:36:48 - INFO - Generating embeddings
2019-04-15 11:37:05 - INFO - Start training
2019-04-15 11:37:05 - INFO - ----------------------------------------------------------------------------------------------------
2019-04-15 11:37:50 - INFO - ----------------------------------------------------------------------------------------------------
2019-04-15 11:37:50 - INFO - Loading data
2019-04-15 11:37:53 - INFO - Generating embeddings
2019-04-15 11:38:04 - INFO - Start training
2019-04-15 11:38:04 - INFO - ----------------------------------------------------------------------------------------------------
2019-04-15 11:40:05 - INFO - ----------------------------------------------------------------------------------------------------
2019-04-15 11:40:05 - INFO - Loading data
2019-04-15 11:40:07 - INFO - Generating embeddings
2019-04-15 11:40:19 - INFO - Start training
2019-04-15 11:40:19 - INFO - ----------------------------------------------------------------------------------------------------
2019-04-15 11:42:36 - INFO - ----------------------------------------------------------------------------------------------------
2019-04-15 11:42:36 - INFO - Loading data
2019-04-15 11:42:39 - INFO - Generating embeddings
2019-04-15 11:42:55 - INFO - Start training
2019-04-15 11:42:55 - INFO - ----------------------------------------------------------------------------------------------------
2019-04-15 11:46:29 - INFO - ----------------------------------------------------------------------------------------------------
2019-04-15 11:46:29 - INFO - Loading data
2019-04-15 11:46:31 - INFO - Generating embeddings
2019-04-15 11:46:48 - INFO - Start training
2019-04-15 11:46:48 - INFO - ----------------------------------------------------------------------------------------------------
2019-04-15 11:48:06 - INFO - ----------------------------------------------------------------------------------------------------
2019-04-15 11:48:06 - INFO - Loading data
2019-04-15 11:48:08 - INFO - Generating embeddings
2019-04-15 11:48:20 - INFO - Start training
2019-04-15 11:48:20 - INFO - ----------------------------------------------------------------------------------------------------
2019-04-15 11:49:04 - INFO - ----------------------------------------------------------------------------------------------------
2019-04-15 11:49:04 - INFO - Loading data
2019-04-15 11:49:06 - INFO - Generating embeddings
2019-04-15 11:49:18 - INFO - Start training
2019-04-15 11:49:18 - INFO - ----------------------------------------------------------------------------------------------------
2019-04-15 11:49:47 - INFO - ----------------------------------------------------------------------------------------------------
2019-04-15 11:49:47 - INFO - Loading data
2019-04-15 11:49:50 - INFO - Generating embeddings
2019-04-15 11:50:06 - INFO - Start training
2019-04-15 11:50:06 - INFO - ----------------------------------------------------------------------------------------------------
2019-04-15 11:51:34 - INFO - ----------------------------------------------------------------------------------------------------
2019-04-15 11:51:34 - INFO - Loading data
2019-04-15 11:51:36 - INFO - Generating embeddings
2019-04-15 11:51:48 - INFO - Start training
2019-04-15 11:51:48 - INFO - ----------------------------------------------------------------------------------------------------
2019-04-15 12:39:57 - INFO - ----------------------------------------------------------------------------------------------------
2019-04-15 12:39:57 - INFO - Loading data
2019-04-15 12:39:59 - INFO - Generating embeddings
2019-04-15 12:40:11 - INFO - Start training
2019-04-15 12:40:11 - INFO - ----------------------------------------------------------------------------------------------------
2019-04-15 12:42:22 - INFO - ----------------------------------------------------------------------------------------------------
2019-04-15 12:42:22 - INFO - Loading data
2019-04-15 12:42:24 - INFO - Generating embeddings
2019-04-15 12:42:36 - INFO - Start training
2019-04-15 12:42:36 - INFO - ----------------------------------------------------------------------------------------------------
2019-04-15 12:43:31 - INFO - ----------------------------------------------------------------------------------------------------
2019-04-15 12:43:31 - INFO - Loading data
2019-04-15 12:43:34 - INFO - Generating embeddings
2019-04-15 12:43:45 - INFO - Start training
2019-04-15 12:43:45 - INFO - ----------------------------------------------------------------------------------------------------
2019-04-15 12:45:02 - INFO - ----------------------------------------------------------------------------------------------------
2019-04-15 12:45:02 - INFO - Loading data
2019-04-15 12:45:04 - INFO - Generating embeddings
2019-04-15 12:45:16 - INFO - Start training
2019-04-15 12:45:16 - INFO - ----------------------------------------------------------------------------------------------------
2019-04-15 12:49:31 - INFO - ----------------------------------------------------------------------------------------------------
2019-04-15 12:49:31 - INFO - Loading data
2019-04-15 12:49:35 - INFO - Generating embeddings
2019-04-15 12:49:51 - INFO - Start training
2019-04-15 12:49:51 - INFO - ----------------------------------------------------------------------------------------------------
2019-04-15 13:26:42 - INFO - ----------------------------------------------------------------------------------------------------
2019-04-15 13:26:42 - INFO - Loading data
2019-04-15 13:26:44 - INFO - Generating embeddings
2019-04-15 13:27:01 - INFO - Start training
2019-04-15 13:27:01 - INFO - ----------------------------------------------------------------------------------------------------
2019-04-15 13:28:39 - INFO - ----------------------------------------------------------------------------------------------------
2019-04-15 13:28:39 - INFO - Loading data
2019-04-15 13:28:42 - INFO - Generating embeddings
2019-04-15 13:29:16 - INFO - Start training
2019-04-15 13:29:16 - INFO - ----------------------------------------------------------------------------------------------------
2019-04-15 13:32:16 - INFO - ----------------------------------------------------------------------------------------------------
2019-04-15 13:32:16 - INFO - Loading data
2019-04-15 13:32:19 - INFO - Generating embeddings
2019-04-15 13:32:57 - INFO - Start training
2019-04-15 13:32:57 - INFO - ----------------------------------------------------------------------------------------------------
2019-04-15 13:34:02 - INFO - ----------------------------------------------------------------------------------------------------
2019-04-15 13:34:02 - INFO - Loading data
2019-04-15 13:34:04 - INFO - Generating embeddings
2019-04-15 13:34:38 - INFO - Start training
2019-04-15 13:34:38 - INFO - ----------------------------------------------------------------------------------------------------
2019-04-15 13:51:46 - INFO - ----------------------------------------------------------------------------------------------------
2019-04-15 13:51:46 - INFO - Loading data
2019-04-15 13:52:30 - INFO - Generating embeddings
2019-04-15 13:53:06 - INFO - Start training
2019-04-15 13:53:06 - INFO - ----------------------------------------------------------------------------------------------------
2019-04-15 13:56:00 - INFO - ----------------------------------------------------------------------------------------------------
2019-04-15 13:56:00 - INFO - Loading data
2019-04-15 13:56:02 - INFO - Generating embeddings
2019-04-15 13:56:47 - INFO - Start training
2019-04-15 13:56:47 - INFO - ----------------------------------------------------------------------------------------------------
2019-04-15 13:58:58 - INFO - ----------------------------------------------------------------------------------------------------
2019-04-15 13:58:58 - INFO - Loading data
2019-04-15 13:59:00 - INFO - Generating embeddings
2019-04-15 13:59:35 - INFO - Start training
2019-04-15 13:59:35 - INFO - ----------------------------------------------------------------------------------------------------
2019-04-15 14:00:36 - INFO - ----------------------------------------------------------------------------------------------------
2019-04-15 14:00:36 - INFO - Loading data
2019-04-15 14:00:39 - INFO - Generating embeddings
2019-04-15 14:01:17 - INFO - Start training
2019-04-15 14:01:17 - INFO - ----------------------------------------------------------------------------------------------------
2019-04-15 14:01:45 - INFO - ----------------------------------------------------------------------------------------------------
2019-04-15 14:01:45 - INFO - Loading data
2019-04-15 14:01:47 - INFO - Generating embeddings
2019-04-15 14:02:26 - INFO - Start training
2019-04-15 14:02:26 - INFO - ----------------------------------------------------------------------------------------------------
2019-04-15 14:05:41 - INFO - ----------------------------------------------------------------------------------------------------
2019-04-15 14:05:41 - INFO - Loading data
2019-04-15 14:06:02 - INFO - ----------------------------------------------------------------------------------------------------
2019-04-15 14:06:02 - INFO - Loading data
2019-04-15 14:06:40 - INFO - ----------------------------------------------------------------------------------------------------
2019-04-15 14:06:40 - INFO - Loading data
2019-04-15 14:07:13 - INFO - ----------------------------------------------------------------------------------------------------
2019-04-15 14:07:13 - INFO - Loading data
2019-04-15 14:08:01 - INFO - ----------------------------------------------------------------------------------------------------
2019-04-15 14:08:01 - INFO - Loading data
2019-04-15 14:08:29 - INFO - ----------------------------------------------------------------------------------------------------
2019-04-15 14:08:29 - INFO - Loading data
2019-04-15 14:08:35 - INFO - Generating embeddings
2019-04-15 14:09:10 - INFO - Start training
2019-04-15 14:09:10 - INFO - ----------------------------------------------------------------------------------------------------
2019-04-15 14:11:47 - INFO - ----------------------------------------------------------------------------------------------------
2019-04-15 14:11:47 - INFO - Loading data
2019-04-15 14:11:54 - INFO - Generating embeddings
2019-04-15 14:12:29 - INFO - Start training
2019-04-15 14:12:29 - INFO - ----------------------------------------------------------------------------------------------------
2019-04-15 14:36:43 - INFO - ----------------------------------------------------------------------------------------------------
2019-04-15 14:36:43 - INFO - Loading data
2019-04-15 14:36:50 - INFO - Generating embeddings
2019-04-15 14:37:24 - INFO - Start training
2019-04-15 14:37:24 - INFO - ----------------------------------------------------------------------------------------------------
2019-04-15 20:58:36 - INFO - ----------------------------------------------------------------------------------------------------
2019-04-15 20:58:36 - INFO - Loading data
2019-04-15 21:17:12 - INFO - ----------------------------------------------------------------------------------------------------
2019-04-15 21:17:12 - INFO - Loading data
2019-04-15 21:17:49 - INFO - Generating embeddings
2019-04-15 21:18:27 - INFO - Start training
2019-04-15 21:18:27 - INFO - ----------------------------------------------------------------------------------------------------
2019-04-15 21:29:53 - INFO - ----------------------------------------------------------------------------------------------------
2019-04-15 21:29:53 - INFO - Loading data
2019-04-15 21:32:48 - INFO - ----------------------------------------------------------------------------------------------------
2019-04-15 21:32:48 - INFO - Loading data
2019-04-15 21:33:24 - INFO - Generating embeddings
2019-04-15 21:34:02 - INFO - Start training
2019-04-15 21:34:02 - INFO - ----------------------------------------------------------------------------------------------------
2019-04-15 21:35:08 - INFO - ----------------------------------------------------------------------------------------------------
2019-04-15 21:35:08 - INFO - Loading data
2019-04-15 21:35:25 - INFO - ----------------------------------------------------------------------------------------------------
2019-04-15 21:35:25 - INFO - Loading data
2019-04-15 21:36:00 - INFO - Generating embeddings
2019-04-15 21:36:40 - INFO - Start training
2019-04-15 21:36:40 - INFO - ----------------------------------------------------------------------------------------------------
2019-04-15 21:46:09 - INFO - ----------------------------------------------------------------------------------------------------
2019-04-15 21:46:09 - INFO - Loading data
2019-04-15 21:46:29 - INFO - Generating embeddings
2019-04-15 21:47:09 - INFO - Start training
2019-04-15 21:47:09 - INFO - ----------------------------------------------------------------------------------------------------
2019-04-15 21:52:30 - INFO - avg_dev_loss = 0.9852
2019-04-15 21:57:44 - INFO - ----------------------------------------------------------------------------------------------------
2019-04-15 21:57:44 - INFO - Loading data
2019-04-15 22:05:57 - INFO - ----------------------------------------------------------------------------------------------------
2019-04-15 22:05:57 - INFO - Loading data
2019-04-15 22:06:18 - INFO - Generating embeddings
2019-04-15 22:06:57 - INFO - ----------------------------------------------------------------------------------------------------
2019-04-15 22:06:57 - INFO - Loading data
2019-04-15 22:07:18 - INFO - Generating embeddings
2019-04-15 22:07:56 - INFO - Start training
2019-04-15 22:07:56 - INFO - ----------------------------------------------------------------------------------------------------
2019-04-15 22:08:50 - INFO - ----------------------------------------------------------------------------------------------------
2019-04-15 22:08:50 - INFO - Loading data
2019-04-15 22:09:11 - INFO - Generating embeddings
2019-04-15 22:09:49 - INFO - Start training
2019-04-15 22:09:49 - INFO - ----------------------------------------------------------------------------------------------------
2019-04-15 22:10:55 - INFO - ----------------------------------------------------------------------------------------------------
2019-04-15 22:10:55 - INFO - Loading data
2019-04-15 22:11:16 - INFO - Generating embeddings
2019-04-15 22:11:54 - INFO - Start training
2019-04-15 22:11:54 - INFO - ----------------------------------------------------------------------------------------------------
2019-04-15 22:13:22 - INFO - ----------------------------------------------------------------------------------------------------
2019-04-15 22:13:22 - INFO - Loading data
2019-04-15 22:13:43 - INFO - Generating embeddings
2019-04-15 22:14:21 - INFO - Start training
2019-04-15 22:14:21 - INFO - ----------------------------------------------------------------------------------------------------
2019-04-15 22:14:43 - INFO - ----------------------------------------------------------------------------------------------------
2019-04-15 22:14:43 - INFO - Loading data
2019-04-15 22:15:03 - INFO - Generating embeddings
2019-04-15 22:15:42 - INFO - Start training
2019-04-15 22:15:42 - INFO - ----------------------------------------------------------------------------------------------------
2019-04-15 22:15:59 - INFO - ----------------------------------------------------------------------------------------------------
2019-04-15 22:15:59 - INFO - Loading data
2019-04-15 22:16:20 - INFO - Generating embeddings
2019-04-15 22:16:51 - INFO - Start training
2019-04-15 22:16:51 - INFO - ----------------------------------------------------------------------------------------------------
2019-04-15 22:17:51 - INFO - ----------------------------------------------------------------------------------------------------
2019-04-15 22:17:51 - INFO - Loading data
2019-04-15 22:18:15 - INFO - Generating embeddings
2019-04-15 22:18:54 - INFO - Start training
2019-04-15 22:18:54 - INFO - ----------------------------------------------------------------------------------------------------
2019-04-15 22:29:38 - INFO - ----------------------------------------------------------------------------------------------------
2019-04-15 22:29:38 - INFO - Loading data
2019-04-15 22:29:58 - INFO - Generating embeddings
2019-04-15 22:30:31 - INFO - Start training
2019-04-15 22:30:31 - INFO - ----------------------------------------------------------------------------------------------------
2019-04-15 22:45:02 - INFO - ----------------------------------------------------------------------------------------------------
2019-04-15 22:45:02 - INFO - Loading data
2019-04-15 22:45:22 - INFO - Generating embeddings
2019-04-15 22:45:54 - INFO - Start training
2019-04-15 22:45:54 - INFO - ----------------------------------------------------------------------------------------------------
2019-04-15 22:46:37 - INFO - ----------------------------------------------------------------------------------------------------
2019-04-15 22:46:37 - INFO - Loading data
2019-04-15 22:46:57 - INFO - Generating embeddings
2019-04-15 22:47:35 - INFO - Start training
2019-04-15 22:47:35 - INFO - ----------------------------------------------------------------------------------------------------
2019-04-15 22:49:35 - INFO - ----------------------------------------------------------------------------------------------------
2019-04-15 22:49:35 - INFO - Loading data
2019-04-15 22:49:56 - INFO - Generating embeddings
2019-04-15 22:50:33 - INFO - Start training
2019-04-15 22:50:33 - INFO - ----------------------------------------------------------------------------------------------------
2019-04-15 22:52:48 - INFO - ----------------------------------------------------------------------------------------------------
2019-04-15 22:52:48 - INFO - Loading data
2019-04-15 22:53:04 - INFO - ----------------------------------------------------------------------------------------------------
2019-04-15 22:53:04 - INFO - Loading data
2019-04-15 22:53:24 - INFO - Generating embeddings
2019-04-15 22:54:02 - INFO - Start training
2019-04-15 22:54:02 - INFO - ----------------------------------------------------------------------------------------------------
2019-04-15 22:54:19 - INFO - ----------------------------------------------------------------------------------------------------
2019-04-15 22:54:19 - INFO - Loading data
2019-04-15 22:54:40 - INFO - Generating embeddings
2019-04-15 22:55:11 - INFO - Start training
2019-04-15 22:55:11 - INFO - ----------------------------------------------------------------------------------------------------
2019-04-15 22:55:57 - INFO - ----------------------------------------------------------------------------------------------------
2019-04-15 22:55:57 - INFO - Loading data
2019-04-15 22:56:18 - INFO - Generating embeddings
2019-04-15 22:56:53 - INFO - Start training
2019-04-15 22:56:53 - INFO - ----------------------------------------------------------------------------------------------------
2019-04-15 23:01:19 - INFO - ----------------------------------------------------------------------------------------------------
2019-04-15 23:01:19 - INFO - Loading data
2019-04-15 23:01:41 - INFO - Generating embeddings
2019-04-15 23:02:22 - INFO - Start training
2019-04-15 23:02:22 - INFO - ----------------------------------------------------------------------------------------------------
2019-04-15 23:03:23 - INFO - ----------------------------------------------------------------------------------------------------
2019-04-15 23:03:23 - INFO - Loading data
2019-04-15 23:03:44 - INFO - Generating embeddings
2019-04-15 23:04:16 - INFO - Start training
2019-04-15 23:04:16 - INFO - ----------------------------------------------------------------------------------------------------
2019-04-15 23:05:05 - INFO - ----------------------------------------------------------------------------------------------------
2019-04-15 23:05:05 - INFO - Loading data
2019-04-15 23:05:26 - INFO - Generating embeddings
2019-04-15 23:05:58 - INFO - Start training
2019-04-15 23:05:58 - INFO - ----------------------------------------------------------------------------------------------------
2019-04-15 23:06:31 - INFO - ----------------------------------------------------------------------------------------------------
2019-04-15 23:06:31 - INFO - Loading data
2019-04-15 23:06:52 - INFO - Generating embeddings
2019-04-15 23:07:28 - INFO - Start training
2019-04-15 23:07:28 - INFO - ----------------------------------------------------------------------------------------------------
2019-04-15 23:29:51 - INFO - ----------------------------------------------------------------------------------------------------
2019-04-15 23:29:51 - INFO - Loading data
2019-04-15 23:30:12 - INFO - Generating embeddings
2019-04-15 23:30:48 - INFO - Start training
2019-04-15 23:30:48 - INFO - ----------------------------------------------------------------------------------------------------
2019-04-15 23:45:30 - INFO - ----------------------------------------------------------------------------------------------------
2019-04-15 23:45:30 - INFO - Loading data
2019-04-15 23:45:51 - INFO - Generating embeddings
2019-04-15 23:46:23 - INFO - Start training
2019-04-15 23:46:23 - INFO - ----------------------------------------------------------------------------------------------------
2019-04-15 23:47:01 - INFO - ----------------------------------------------------------------------------------------------------
2019-04-15 23:47:01 - INFO - Loading data
2019-04-15 23:47:22 - INFO - Generating embeddings
2019-04-15 23:47:54 - INFO - Start training
2019-04-15 23:47:54 - INFO - ----------------------------------------------------------------------------------------------------
2019-04-15 23:49:48 - INFO - ----------------------------------------------------------------------------------------------------
2019-04-15 23:49:48 - INFO - Loading data
2019-04-15 23:50:09 - INFO - Generating embeddings
2019-04-15 23:50:40 - INFO - Start training
2019-04-15 23:50:40 - INFO - ----------------------------------------------------------------------------------------------------
2019-04-15 23:51:24 - INFO - ----------------------------------------------------------------------------------------------------
2019-04-15 23:51:24 - INFO - Loading data
2019-04-15 23:51:56 - INFO - ----------------------------------------------------------------------------------------------------
2019-04-15 23:51:56 - INFO - Loading data
2019-04-15 23:52:16 - INFO - Generating embeddings
2019-04-15 23:52:54 - INFO - Start training
2019-04-15 23:52:54 - INFO - ----------------------------------------------------------------------------------------------------
2019-04-15 23:55:09 - INFO - ----------------------------------------------------------------------------------------------------
2019-04-15 23:55:09 - INFO - Loading data
2019-04-15 23:55:29 - INFO - Generating embeddings
2019-04-15 23:56:07 - INFO - Start training
2019-04-15 23:56:07 - INFO - ----------------------------------------------------------------------------------------------------
2019-04-15 23:56:25 - INFO - ----------------------------------------------------------------------------------------------------
2019-04-15 23:56:25 - INFO - Loading data
2019-04-15 23:56:46 - INFO - Generating embeddings
2019-04-15 23:57:16 - INFO - Start training
2019-04-15 23:57:16 - INFO - ----------------------------------------------------------------------------------------------------
2019-04-15 23:58:32 - INFO - ----------------------------------------------------------------------------------------------------
2019-04-15 23:58:32 - INFO - Loading data
2019-04-15 23:58:53 - INFO - Generating embeddings
2019-04-15 23:59:30 - INFO - Start training
2019-04-15 23:59:30 - INFO - ----------------------------------------------------------------------------------------------------
2019-04-16 00:02:34 - INFO - avg_dev_loss = 1.0010
2019-04-16 00:04:59 - INFO - avg_dev_loss = 1.0010
2019-04-16 00:12:59 - INFO - ----------------------------------------------------------------------------------------------------
2019-04-16 00:12:59 - INFO - Loading data
2019-04-16 00:13:20 - INFO - Generating embeddings
2019-04-16 00:13:59 - INFO - Start training
2019-04-16 00:13:59 - INFO - ----------------------------------------------------------------------------------------------------
2019-04-16 00:18:27 - INFO - ----------------------------------------------------------------------------------------------------
2019-04-16 00:18:27 - INFO - Loading data
2019-04-16 00:18:48 - INFO - Generating embeddings
2019-04-16 00:19:30 - INFO - Start training
2019-04-16 00:19:30 - INFO - ----------------------------------------------------------------------------------------------------
2019-04-16 00:21:52 - INFO - ----------------------------------------------------------------------------------------------------
2019-04-16 00:21:52 - INFO - Loading data
2019-04-16 00:22:13 - INFO - Generating embeddings
2019-04-16 00:22:49 - INFO - Start training
2019-04-16 00:22:49 - INFO - ----------------------------------------------------------------------------------------------------
2019-04-16 00:26:47 - INFO - avg_dev_loss = 0.4707
2019-04-16 00:28:09 - INFO - ----------------------------------------------------------------------------------------------------
2019-04-16 00:28:09 - INFO - Loading data
2019-04-16 00:28:30 - INFO - Generating embeddings
2019-04-16 00:29:01 - INFO - Start training
2019-04-16 00:29:01 - INFO - ----------------------------------------------------------------------------------------------------
2019-04-16 00:32:57 - INFO - avg_dev_loss = 0.3369
2019-04-16 00:36:13 - INFO - avg_dev_loss = 0.3369
2019-04-16 00:36:28 - INFO - ----------------------------------------------------------------------------------------------------
2019-04-16 00:36:28 - INFO - Loading data
2019-04-16 00:36:50 - INFO - Generating embeddings
2019-04-16 00:37:20 - INFO - Start training
2019-04-16 00:37:20 - INFO - ----------------------------------------------------------------------------------------------------
2019-04-16 00:38:31 - INFO - ----------------------------------------------------------------------------------------------------
2019-04-16 00:38:31 - INFO - Loading data
2019-04-16 00:38:55 - INFO - Generating embeddings
2019-04-16 00:39:34 - INFO - Start training
2019-04-16 00:39:34 - INFO - ----------------------------------------------------------------------------------------------------
2019-04-16 00:41:07 - INFO - ----------------------------------------------------------------------------------------------------
2019-04-16 00:41:07 - INFO - Loading data
2019-04-16 00:41:28 - INFO - Generating embeddings
2019-04-16 00:41:59 - INFO - Start training
2019-04-16 00:41:59 - INFO - ----------------------------------------------------------------------------------------------------
2019-04-16 00:43:17 - INFO - ----------------------------------------------------------------------------------------------------
2019-04-16 00:43:17 - INFO - Loading data
2019-04-16 00:43:38 - INFO - Generating embeddings
2019-04-16 00:44:15 - INFO - Start training
2019-04-16 00:44:15 - INFO - ----------------------------------------------------------------------------------------------------
2019-04-16 00:46:43 - INFO - ----------------------------------------------------------------------------------------------------
2019-04-16 00:46:43 - INFO - Loading data
2019-04-16 00:47:04 - INFO - Generating embeddings
2019-04-16 00:47:35 - INFO - Start training
2019-04-16 00:47:35 - INFO - ----------------------------------------------------------------------------------------------------
2019-04-16 00:49:19 - INFO - ----------------------------------------------------------------------------------------------------
2019-04-16 00:49:19 - INFO - Loading data
2019-04-16 00:49:43 - INFO - Generating embeddings
2019-04-16 00:50:22 - INFO - Start training
2019-04-16 00:50:22 - INFO - ----------------------------------------------------------------------------------------------------
2019-04-16 00:52:43 - INFO - avg_dev_loss = 0.7801
2019-04-16 00:53:43 - INFO - ----------------------------------------------------------------------------------------------------
2019-04-16 00:53:43 - INFO - Loading data
2019-04-16 00:54:06 - INFO - Generating embeddings
2019-04-16 00:54:45 - INFO - Start training
2019-04-16 00:54:45 - INFO - ----------------------------------------------------------------------------------------------------
2019-04-16 00:58:27 - INFO - avg_dev_loss = 0.5303
2019-04-16 00:59:37 - INFO - ----------------------------------------------------------------------------------------------------
2019-04-16 00:59:37 - INFO - Loading data
2019-04-16 00:59:58 - INFO - Generating embeddings
2019-04-16 01:00:34 - INFO - Start training
2019-04-16 01:00:34 - INFO - ----------------------------------------------------------------------------------------------------
2019-04-16 01:04:22 - INFO - avg_dev_loss = 0.3369
2019-04-16 01:05:49 - INFO - ----------------------------------------------------------------------------------------------------
2019-04-16 01:05:49 - INFO - Loading data
2019-04-16 01:06:09 - INFO - Generating embeddings
2019-04-16 01:06:47 - INFO - Start training
2019-04-16 01:06:47 - INFO - ----------------------------------------------------------------------------------------------------
2019-04-16 01:08:41 - INFO - ----------------------------------------------------------------------------------------------------
2019-04-16 01:08:41 - INFO - Loading data
2019-04-16 01:09:02 - INFO - Generating embeddings
2019-04-16 01:09:33 - INFO - Start training
2019-04-16 01:09:33 - INFO - ----------------------------------------------------------------------------------------------------
2019-04-16 01:13:32 - INFO - avg_dev_loss = 0.3369
2019-04-16 01:14:54 - INFO - ----------------------------------------------------------------------------------------------------
2019-04-16 01:14:54 - INFO - Loading data
2019-04-16 01:15:15 - INFO - Generating embeddings
2019-04-16 01:15:47 - INFO - Start training
2019-04-16 01:15:47 - INFO - ----------------------------------------------------------------------------------------------------
2019-04-16 01:19:47 - INFO - avg_dev_loss = 0.3369
2019-04-16 01:21:34 - INFO - ----------------------------------------------------------------------------------------------------
2019-04-16 01:21:34 - INFO - Loading data
2019-04-16 01:44:37 - INFO - Generating embeddings
2019-04-16 01:45:14 - INFO - Start training
2019-04-16 01:45:14 - INFO - ----------------------------------------------------------------------------------------------------
2019-04-16 06:57:35 - INFO - avg_dev_loss = 0.3822
2019-04-16 07:47:08 - INFO - ----------------------------------------------------------------------------------------------------
2019-04-16 07:47:08 - INFO - Loading data
2019-04-16 07:48:25 - INFO - ----------------------------------------------------------------------------------------------------
2019-04-16 07:48:25 - INFO - Loading data
2019-04-16 07:48:46 - INFO - Generating embeddings
2019-04-16 07:49:24 - INFO - Start training
2019-04-16 07:49:24 - INFO - ----------------------------------------------------------------------------------------------------
2019-04-16 07:53:27 - INFO - avg_dev_loss = 0.3369
2019-04-16 07:56:41 - INFO - avg_dev_loss = 0.3369
2019-04-16 08:00:01 - INFO - avg_dev_loss = 0.3369
2019-04-16 08:03:31 - INFO - avg_dev_loss = 0.3369
2019-04-16 08:06:56 - INFO - avg_dev_loss = 0.3369
2019-04-16 08:10:21 - INFO - avg_dev_loss = 0.3369
2019-04-16 08:11:50 - INFO - ----------------------------------------------------------------------------------------------------
2019-04-16 08:11:50 - INFO - Loading data
2019-04-16 08:12:10 - INFO - Generating embeddings
2019-04-16 08:12:42 - INFO - Start training
2019-04-16 08:12:42 - INFO - ----------------------------------------------------------------------------------------------------
2019-04-16 08:16:56 - INFO - avg_dev_loss = 0.3369
2019-04-16 08:19:50 - INFO - ----------------------------------------------------------------------------------------------------
2019-04-16 08:19:50 - INFO - Loading data
2019-04-16 08:20:11 - INFO - Generating embeddings
2019-04-16 08:20:42 - INFO - Start training
2019-04-16 08:20:42 - INFO - ----------------------------------------------------------------------------------------------------
2019-04-16 08:23:04 - INFO - ----------------------------------------------------------------------------------------------------
2019-04-16 08:23:04 - INFO - Loading data
2019-04-16 08:23:25 - INFO - Generating embeddings
2019-04-16 08:24:00 - INFO - Start training
2019-04-16 08:24:00 - INFO - ----------------------------------------------------------------------------------------------------
2019-04-16 08:24:40 - INFO - ----------------------------------------------------------------------------------------------------
2019-04-16 08:24:40 - INFO - Loading data
2019-04-16 08:25:01 - INFO - Generating embeddings
2019-04-16 08:25:31 - INFO - Start training
2019-04-16 08:25:31 - INFO - ----------------------------------------------------------------------------------------------------
2019-04-16 08:27:31 - INFO - ----------------------------------------------------------------------------------------------------
2019-04-16 08:27:31 - INFO - Loading data
2019-04-16 08:27:51 - INFO - Generating embeddings
2019-04-16 08:28:29 - INFO - Start training
2019-04-16 08:28:29 - INFO - ----------------------------------------------------------------------------------------------------
2019-04-16 08:29:08 - INFO - ----------------------------------------------------------------------------------------------------
2019-04-16 08:29:08 - INFO - Loading data
2019-04-16 08:29:28 - INFO - Generating embeddings
2019-04-16 08:30:00 - INFO - Start training
2019-04-16 08:30:00 - INFO - ----------------------------------------------------------------------------------------------------
2019-04-16 08:31:00 - INFO - ----------------------------------------------------------------------------------------------------
2019-04-16 08:31:00 - INFO - Loading data
2019-04-16 08:31:21 - INFO - Generating embeddings
2019-04-16 08:31:52 - INFO - Start training
2019-04-16 08:31:52 - INFO - ----------------------------------------------------------------------------------------------------
2019-04-16 08:32:25 - INFO - ----------------------------------------------------------------------------------------------------
2019-04-16 08:32:25 - INFO - Loading data
2019-04-16 08:32:46 - INFO - Generating embeddings
2019-04-16 08:33:24 - INFO - Start training
2019-04-16 08:33:24 - INFO - ----------------------------------------------------------------------------------------------------
2019-04-16 08:33:37 - INFO - ----------------------------------------------------------------------------------------------------
2019-04-16 08:33:37 - INFO - Loading data
2019-04-16 08:33:58 - INFO - Generating embeddings
2019-04-16 08:34:35 - INFO - Start training
2019-04-16 08:34:35 - INFO - ----------------------------------------------------------------------------------------------------
2019-04-16 08:36:52 - INFO - ----------------------------------------------------------------------------------------------------
2019-04-16 08:36:52 - INFO - Loading data
2019-04-16 08:37:15 - INFO - Generating embeddings
2019-04-16 08:37:45 - INFO - Start training
2019-04-16 08:37:45 - INFO - ----------------------------------------------------------------------------------------------------
2019-04-16 08:39:12 - INFO - ----------------------------------------------------------------------------------------------------
2019-04-16 08:39:12 - INFO - Loading data
2019-04-16 08:39:33 - INFO - Generating embeddings
2019-04-16 08:40:10 - INFO - Start training
2019-04-16 08:40:10 - INFO - ----------------------------------------------------------------------------------------------------
2019-04-16 08:41:10 - INFO - ----------------------------------------------------------------------------------------------------
2019-04-16 08:41:10 - INFO - Loading data
2019-04-16 08:41:31 - INFO - Generating embeddings
2019-04-16 08:42:02 - INFO - Start training
2019-04-16 08:42:02 - INFO - ----------------------------------------------------------------------------------------------------
2019-04-16 08:44:18 - INFO - avg_dev_loss = 0.4644
2019-04-16 08:46:31 - INFO - avg_dev_loss = 0.4677
2019-04-16 08:47:21 - INFO - ----------------------------------------------------------------------------------------------------
2019-04-16 08:47:21 - INFO - Loading data
2019-04-16 08:47:42 - INFO - Generating embeddings
2019-04-16 08:48:10 - INFO - ----------------------------------------------------------------------------------------------------
2019-04-16 08:48:10 - INFO - Loading data
2019-04-16 08:48:31 - INFO - Generating embeddings
2019-04-16 08:48:51 - INFO - ----------------------------------------------------------------------------------------------------
2019-04-16 08:48:51 - INFO - Loading data
2019-04-16 08:49:12 - INFO - Generating embeddings
2019-04-16 08:49:48 - INFO - Start training
2019-04-16 08:49:48 - INFO - ----------------------------------------------------------------------------------------------------
2019-04-16 08:52:29 - INFO - avg_dev_loss = 0.0236
2019-04-16 08:54:58 - INFO - avg_dev_loss = 0.0252
2019-04-16 08:57:30 - INFO - avg_dev_loss = 0.0257
2019-04-16 08:58:16 - INFO - ----------------------------------------------------------------------------------------------------
2019-04-16 08:58:16 - INFO - Loading data
2019-04-16 08:58:36 - INFO - Generating embeddings
2019-04-16 08:59:14 - INFO - Start training
2019-04-16 08:59:14 - INFO - ----------------------------------------------------------------------------------------------------
2019-04-16 09:06:55 - INFO - avg_dev_loss = 0.1127
2019-04-16 09:14:24 - INFO - ----------------------------------------------------------------------------------------------------
2019-04-16 09:14:24 - INFO - Loading data
2019-04-16 09:14:45 - INFO - Generating embeddings
2019-04-16 09:15:34 - INFO - Start training
2019-04-16 09:15:34 - INFO - ----------------------------------------------------------------------------------------------------
2019-04-16 09:17:37 - INFO - ----------------------------------------------------------------------------------------------------
2019-04-16 09:17:37 - INFO - Loading data
2019-04-16 09:17:58 - INFO - Generating embeddings
2019-04-16 09:18:34 - INFO - Start training
2019-04-16 09:18:34 - INFO - ----------------------------------------------------------------------------------------------------
2019-04-16 09:21:27 - INFO - avg_dev_loss = 0.8139
2019-04-16 09:22:43 - INFO - ----------------------------------------------------------------------------------------------------
2019-04-16 09:22:43 - INFO - Loading data
2019-04-16 09:23:05 - INFO - Generating embeddings
2019-04-16 09:23:41 - INFO - Start training
2019-04-16 09:23:41 - INFO - ----------------------------------------------------------------------------------------------------
2019-04-16 09:24:41 - INFO - ----------------------------------------------------------------------------------------------------
2019-04-16 09:24:41 - INFO - Loading data
2019-04-16 09:25:03 - INFO - Generating embeddings
2019-04-16 09:25:33 - INFO - Start training
2019-04-16 09:25:33 - INFO - ----------------------------------------------------------------------------------------------------
2019-04-16 09:26:06 - INFO - ----------------------------------------------------------------------------------------------------
2019-04-16 09:26:06 - INFO - Loading data
2019-04-16 09:26:28 - INFO - Generating embeddings
2019-04-16 09:27:05 - INFO - Start training
2019-04-16 09:27:05 - INFO - ----------------------------------------------------------------------------------------------------
2019-04-16 09:28:59 - INFO - ----------------------------------------------------------------------------------------------------
2019-04-16 09:28:59 - INFO - Loading data
2019-04-16 09:29:20 - INFO - Generating embeddings
2019-04-16 09:29:51 - INFO - Start training
2019-04-16 09:29:51 - INFO - ----------------------------------------------------------------------------------------------------
2019-04-16 09:32:31 - INFO - avg_dev_loss = 0.7037
2019-04-16 09:34:59 - INFO - avg_dev_loss = 0.7015
2019-04-16 09:35:11 - INFO - ----------------------------------------------------------------------------------------------------
2019-04-16 09:35:11 - INFO - Loading data
2019-04-16 09:35:33 - INFO - Generating embeddings
2019-04-16 09:36:04 - INFO - Start training
2019-04-16 09:36:04 - INFO - ----------------------------------------------------------------------------------------------------
2019-04-16 09:39:00 - INFO - avg_dev_loss = 0.4539
2019-04-16 09:40:52 - INFO - ----------------------------------------------------------------------------------------------------
2019-04-16 09:40:52 - INFO - Loading data
2019-04-16 09:41:14 - INFO - Generating embeddings
2019-04-16 09:41:45 - INFO - Start training
2019-04-16 09:41:45 - INFO - ----------------------------------------------------------------------------------------------------
2019-04-16 09:44:22 - INFO - avg_dev_loss = 0.0322
2019-04-16 09:46:25 - INFO - ----------------------------------------------------------------------------------------------------
2019-04-16 09:46:25 - INFO - Loading data
2019-04-16 09:46:46 - INFO - Generating embeddings
2019-04-16 09:47:24 - INFO - Start training
2019-04-16 09:47:24 - INFO - ----------------------------------------------------------------------------------------------------
2019-04-16 09:49:32 - INFO - avg_dev_loss = 0.0254
2019-04-16 09:51:20 - INFO - ----------------------------------------------------------------------------------------------------
2019-04-16 09:51:20 - INFO - Loading data
2019-04-16 10:14:49 - INFO - Generating embeddings
2019-04-16 10:15:24 - INFO - Start training
2019-04-16 10:15:24 - INFO - ----------------------------------------------------------------------------------------------------
2019-04-16 12:36:48 - INFO - ----------------------------------------------------------------------------------------------------
2019-04-16 12:36:48 - INFO - Loading data
